\BOOKMARK [0][-]{chapter.1}{\376\377\000I\000n\000t\000r\000o\000d\000u\000c\000c\000i\000\363\000n}{}% 1
\BOOKMARK [1][-]{section.1.1}{\376\377\000O\000b\000j\000e\000t\000i\000v\000o\000s\000\040\000g\000e\000n\000e\000r\000a\000l\000e\000s}{chapter.1}% 2
\BOOKMARK [1][-]{section.1.2}{\376\377\000D\000e\000s\000c\000r\000i\000p\000c\000i\000\363\000n\000\040\000d\000e\000l\000\040\000s\000i\000s\000t\000e\000m\000a}{chapter.1}% 3
\BOOKMARK [1][-]{section.1.3}{\376\377\000E\000l\000e\000c\000c\000i\000\363\000n\000\040\000d\000e\000\040\000l\000a\000s\000\040\000t\000e\000c\000n\000o\000l\000o\000g\000\355\000a\000s}{chapter.1}% 4
\BOOKMARK [1][-]{section.1.4}{\376\377\000O\000r\000g\000a\000n\000i\000z\000a\000c\000i\000\363\000n\000\040\000d\000e\000\040\000l\000a\000\040\000m\000e\000m\000o\000r\000i\000a}{chapter.1}% 5
\BOOKMARK [0][-]{chapter.2}{\376\377\000L\000a\000\040\000m\000\341\000q\000u\000i\000n\000a\000\040\000E\000n\000i\000g\000m\000a}{}% 6
\BOOKMARK [1][-]{section.2.1}{\376\377\000\277\000Q\000u\000\351\000\040\000e\000s\000\040\000l\000a\000\040\000m\000\341\000q\000u\000i\000n\000a\000\040\000E\000n\000i\000g\000m\000a\000?}{chapter.2}% 7
\BOOKMARK [2][-]{subsection.2.1.1}{\376\377\000H\000i\000s\000t\000o\000r\000i\000a}{section.2.1}% 8
\BOOKMARK [2][-]{subsection.2.1.2}{\376\377\000F\000u\000n\000c\000i\000o\000n\000a\000m\000i\000e\000n\000t\000o}{section.2.1}% 9
\BOOKMARK [1][-]{section.2.2}{\376\377\000C\000o\000n\000t\000e\000x\000t\000o\000\040\000h\000i\000s\000t\000\363\000r\000i\000c\000o}{chapter.2}% 10
\BOOKMARK [1][-]{section.2.3}{\376\377\000H\000i\000s\000t\000o\000r\000i\000a\000\040\000d\000e\000l\000\040\000d\000e\000s\000c\000i\000f\000r\000a\000d\000o\000\040\000d\000e\000\040\000l\000a\000\040\000m\000\341\000q\000u\000i\000n\000a}{chapter.2}% 11
\BOOKMARK [0][-]{chapter.3}{\376\377\000E\000s\000p\000e\000c\000i\000f\000i\000c\000a\000c\000i\000\363\000n\000\040\000d\000e\000\040\000R\000e\000q\000u\000i\000s\000i\000t\000o\000s}{}% 12
\BOOKMARK [1][-]{section.3.1}{\376\377\000R\000e\000q\000u\000i\000s\000i\000t\000o\000s\000\040\000f\000u\000n\000c\000i\000o\000n\000a\000l\000e\000s}{chapter.3}% 13
\BOOKMARK [1][-]{section.3.2}{\376\377\000R\000e\000q\000u\000i\000s\000i\000t\000o\000s\000\040\000n\000o\000\040\000f\000u\000n\000c\000i\000o\000n\000a\000l\000e\000s}{chapter.3}% 14
\BOOKMARK [1][-]{section.3.3}{\376\377\000I\000n\000f\000o\000r\000m\000a\000c\000i\000\363\000n\000\040\000a\000l\000m\000a\000c\000e\000n\000a\000d\000a\000\040\000p\000o\000r\000\040\000e\000l\000\040\000s\000i\000s\000t\000e\000m\000a}{chapter.3}% 15
\BOOKMARK [2][-]{subsection.3.3.1}{\376\377\000I\000n\000f\000o\000r\000m\000a\000c\000i\000\363\000n\000\040\000g\000u\000a\000r\000d\000a\000d\000a\000\040\000e\000n\000\040\000b\000a\000s\000e\000\040\000d\000e\000\040\000d\000a\000t\000o\000s}{section.3.3}% 16
\BOOKMARK [2][-]{subsection.3.3.2}{\376\377\000I\000n\000f\000o\000r\000m\000a\000c\000i\000\363\000n\000\040\000m\000a\000n\000t\000e\000n\000i\000d\000a\000\040\000e\000n\000\040\000m\000e\000m\000o\000r\000i\000a}{section.3.3}% 17
\BOOKMARK [2][-]{subsection.3.3.3}{\376\377\000I\000n\000f\000o\000r\000m\000a\000c\000i\000\363\000n\000\040\000g\000u\000a\000r\000d\000a\000d\000a\000\040\000e\000n\000\040\000d\000i\000s\000c\000o}{section.3.3}% 18
\BOOKMARK [0][-]{chapter.4}{\376\377\000D\000i\000s\000e\000\361\000o}{}% 19
\BOOKMARK [1][-]{section.4.1}{\376\377\000P\000l\000a\000n\000i\000f\000i\000c\000a\000c\000i\000\363\000n}{chapter.4}% 20
\BOOKMARK [2][-]{subsection.4.1.1}{\376\377\000S\000p\000r\000i\000n\000g}{section.4.1}% 21
\BOOKMARK [2][-]{subsection.4.1.2}{\376\377\000R\000e\000a\000c\000t}{section.4.1}% 22
\BOOKMARK [2][-]{subsection.4.1.3}{\376\377\000C\000a\000s\000o\000s\000\040\000d\000e\000\040\000u\000s\000o}{section.4.1}% 23
\BOOKMARK [1][-]{section.4.2}{\376\377\000D\000i\000s\000e\000\361\000o\000\040\000d\000e\000l\000\040\000c\000\363\000d\000i\000g\000o}{chapter.4}% 24
\BOOKMARK [2][-]{subsection.4.2.1}{\376\377\000D\000i\000a\000g\000r\000a\000m\000a\000s\000\040\000d\000e\000\040\000c\000l\000a\000s\000e\000s}{section.4.2}% 25
\BOOKMARK [1][-]{section.4.3}{\376\377\000D\000i\000s\000e\000\361\000o\000\040\000i\000n\000i\000c\000i\000a\000l\000\040\000d\000e\000\040\000l\000a\000\040\000i\000n\000t\000e\000r\000f\000a\000z}{chapter.4}% 26
\BOOKMARK [2][-]{subsection.4.3.1}{\376\377\000C\000o\000n\000c\000e\000p\000t\000o}{section.4.3}% 27
\BOOKMARK [2][-]{subsection.4.3.2}{\376\377\000M\000\341\000q\000u\000i\000n\000a\000\040\000E\000n\000i\000g\000m\000a}{section.4.3}% 28
\BOOKMARK [2][-]{subsection.4.3.3}{\376\377\000\277\000C\000\363\000m\000o\000\040\000f\000u\000n\000c\000i\000o\000n\000a\000?}{section.4.3}% 29
\BOOKMARK [2][-]{subsection.4.3.4}{\376\377\000H\000i\000s\000t\000o\000r\000i\000a}{section.4.3}% 30
\BOOKMARK [2][-]{subsection.4.3.5}{\376\377\000L\000i\000b\000r\000o\000\040\000d\000e\000\040\000c\000o\000d\000i\000f\000i\000c\000a\000c\000i\000\363\000n}{section.4.3}% 31
\BOOKMARK [2][-]{subsection.4.3.6}{\376\377\000R\000e\000t\000o\000s}{section.4.3}% 32
\BOOKMARK [0][-]{chapter.5}{\376\377\000P\000r\000u\000e\000b\000a\000s}{}% 33
\BOOKMARK [1][-]{section.5.1}{\376\377\000P\000l\000a\000n\000\040\000d\000e\000\040\000p\000r\000u\000e\000b\000a\000s}{chapter.5}% 34
\BOOKMARK [2][-]{subsection.5.1.1}{\376\377\000E\000n\000d\000p\000o\000i\000n\000t\000s\000\040\000d\000e\000\040\000l\000a\000\040\000m\000\341\000q\000u\000i\000n\000a\000\040\000E\000n\000i\000g\000m\000a}{section.5.1}% 35
\BOOKMARK [2][-]{subsection.5.1.2}{\376\377\000A\000u\000t\000e\000n\000t\000i\000c\000a\000c\000i\000\363\000n\000\040\000y\000\040\000l\000\363\000g\000i\000c\000a\000\040\000d\000e\000\040\000n\000e\000g\000o\000c\000i\000o}{section.5.1}% 36
\BOOKMARK [1][-]{section.5.2}{\376\377\000E\000j\000e\000c\000u\000c\000i\000\363\000n\000\040\000d\000e\000\040\000l\000a\000s\000\040\000p\000r\000u\000e\000b\000a\000s}{chapter.5}% 37
\BOOKMARK [1][-]{section.5.3}{\376\377\000R\000e\000s\000u\000l\000t\000a\000d\000o\000s\000\040\000o\000b\000t\000e\000n\000i\000d\000o\000s}{chapter.5}% 38
\BOOKMARK [0][-]{chapter.6}{\376\377\000C\000o\000n\000c\000l\000u\000s\000i\000o\000n\000e\000s\000\040\000y\000\040\000p\000o\000s\000i\000b\000l\000e\000s\000\040\000a\000m\000p\000l\000i\000a\000c\000i\000o\000n\000e\000s}{}% 39
\BOOKMARK [1][-]{section.6.1}{\376\377\000C\000o\000n\000c\000l\000u\000s\000i\000o\000n\000e\000s}{chapter.6}% 40
\BOOKMARK [1][-]{section.6.2}{\376\377\000T\000r\000a\000b\000a\000j\000o\000\040\000f\000u\000t\000u\000r\000o}{chapter.6}% 41
\BOOKMARK [0][-]{appendix.Alph1}{\376\377\000F\000i\000g\000u\000r\000a\000s}{}% 42
\BOOKMARK [1][-]{section.Alph1.1}{\376\377\000L\000a\000\040\000m\000\341\000q\000u\000i\000n\000a\000\040\000E\000n\000i\000g\000m\000a}{appendix.Alph1}% 43
\BOOKMARK [1][-]{section.Alph1.2}{\376\377\000E\000s\000p\000e\000c\000i\000f\000i\000c\000a\000c\000i\000\363\000n\000\040\000d\000e\000\040\000r\000e\000q\000u\000i\000s\000i\000t\000o\000s}{appendix.Alph1}% 44
\BOOKMARK [1][-]{section.Alph1.3}{\376\377\000D\000i\000s\000e\000\361\000o}{appendix.Alph1}% 45
\BOOKMARK [1][-]{section.Alph1.4}{\376\377\000P\000r\000u\000e\000b\000a\000s}{appendix.Alph1}% 46
\BOOKMARK [0][-]{appendix.Alph2}{\376\377\000M\000a\000n\000u\000a\000l\000\040\000t\000\351\000c\000n\000i\000c\000o}{}% 47
\BOOKMARK [1][-]{section.Alph2.1}{\376\377\000R\000e\000p\000o\000s\000i\000t\000o\000r\000i\000o}{appendix.Alph2}% 48
\BOOKMARK [1][-]{section.Alph2.2}{\376\377\000E\000s\000t\000r\000u\000c\000t\000u\000r\000a\000\040\000d\000e\000l\000\040\000p\000r\000o\000y\000e\000c\000t\000o}{appendix.Alph2}% 49
\BOOKMARK [1][-]{section.Alph2.3}{\376\377\000R\000e\000q\000u\000i\000s\000i\000t\000o\000s\000\040\000p\000r\000e\000v\000i\000o\000s}{appendix.Alph2}% 50
\BOOKMARK [1][-]{section.Alph2.4}{\376\377\000E\000j\000e\000c\000u\000c\000i\000\363\000n\000\040\000d\000e\000l\000\040\000b\000a\000c\000k\000e\000n\000d\000\040\000d\000e\000s\000d\000e\000\040\000t\000e\000r\000m\000i\000n\000a\000l}{appendix.Alph2}% 51
\BOOKMARK [1][-]{section.Alph2.5}{\376\377\000E\000j\000e\000c\000u\000c\000i\000\363\000n\000\040\000d\000e\000l\000\040\000f\000r\000o\000n\000t\000e\000n\000d\000\040\000d\000e\000s\000d\000e\000\040\000t\000e\000r\000m\000i\000n\000a\000l}{appendix.Alph2}% 52
\BOOKMARK [1][-]{section.Alph2.6}{\376\377\000E\000j\000e\000c\000u\000c\000i\000\363\000n\000\040\000d\000e\000\040\000p\000r\000u\000e\000b\000a\000s}{appendix.Alph2}% 53
\BOOKMARK [1][-]{section.Alph2.7}{\376\377\000E\000j\000e\000c\000u\000c\000i\000\363\000n\000\040\000d\000e\000s\000d\000e\000\040\000I\000n\000t\000e\000l\000l\000i\000J\000\040\000I\000D\000E\000A}{appendix.Alph2}% 54
\BOOKMARK [1][-]{section.Alph2.8}{\376\377\000A\000u\000t\000e\000n\000t\000i\000c\000a\000c\000i\000\363\000n\000\040\000c\000o\000n\000\040\000G\000o\000o\000g\000l\000e}{appendix.Alph2}% 55
\BOOKMARK [1][-]{section.Alph2.9}{\376\377\000O\000r\000d\000e\000n\000\040\000r\000e\000c\000o\000m\000e\000n\000d\000a\000d\000o\000\040\000d\000e\000\040\000a\000r\000r\000a\000n\000q\000u\000e}{appendix.Alph2}% 56
\BOOKMARK [0][-]{appendix.Alph3}{\376\377\000M\000a\000n\000u\000a\000l\000\040\000d\000e\000\040\000u\000s\000u\000a\000r\000i\000o}{}% 57
\BOOKMARK [1][-]{section.Alph3.1}{\376\377\000N\000a\000v\000e\000g\000a\000c\000i\000\363\000n\000\040\000g\000e\000n\000e\000r\000a\000l}{appendix.Alph3}% 58
\BOOKMARK [1][-]{section.Alph3.2}{\376\377\000I\000n\000i\000c\000i\000o\000\040\000d\000e\000\040\000s\000e\000s\000i\000\363\000n}{appendix.Alph3}% 59
\BOOKMARK [1][-]{section.Alph3.3}{\376\377\000P\000\341\000g\000i\000n\000a\000\040\000M\000\341\000q\000u\000i\000n\000a\000\040\000E\000n\000i\000g\000m\000a}{appendix.Alph3}% 60
\BOOKMARK [1][-]{section.Alph3.4}{\376\377\000C\000o\000n\000f\000i\000g\000u\000r\000a\000c\000i\000\363\000n\000\040\000d\000e\000\040\000r\000o\000t\000o\000r\000e\000s}{appendix.Alph3}% 61
\BOOKMARK [1][-]{section.Alph3.5}{\376\377\000P\000a\000n\000e\000l\000\040\000d\000e\000\040\000c\000o\000n\000e\000x\000i\000o\000n\000e\000s}{appendix.Alph3}% 62
\BOOKMARK [1][-]{section.Alph3.6}{\376\377\000H\000i\000s\000t\000o\000r\000i\000a\000l\000\040\000y\000\040\000s\000e\000s\000i\000\363\000n}{appendix.Alph3}% 63
\BOOKMARK [1][-]{section.Alph3.7}{\376\377\000P\000\341\000g\000i\000n\000a\000\040\000\277\000C\000\363\000m\000o\000\040\000f\000u\000n\000c\000i\000o\000n\000a\000?}{appendix.Alph3}% 64
\BOOKMARK [1][-]{section.Alph3.8}{\376\377\000P\000\341\000g\000i\000n\000a\000\040\000H\000i\000s\000t\000o\000r\000i\000a}{appendix.Alph3}% 65
\BOOKMARK [1][-]{section.Alph3.9}{\376\377\000P\000\341\000g\000i\000n\000a\000\040\000L\000i\000b\000r\000o\000\040\000d\000e\000\040\000c\000o\000d\000i\000f\000i\000c\000a\000c\000i\000\363\000n}{appendix.Alph3}% 66
\BOOKMARK [1][-]{section.Alph3.10}{\376\377\000P\000\341\000g\000i\000n\000a\000\040\000R\000e\000t\000o\000s}{appendix.Alph3}% 67
\BOOKMARK [1][-]{section.Alph3.11}{\376\377\000O\000p\000c\000i\000o\000n\000e\000s\000\040\000d\000e\000\040\000a\000c\000c\000e\000s\000i\000b\000i\000l\000i\000d\000a\000d}{appendix.Alph3}% 68
\BOOKMARK [1][-]{section.Alph3.12}{\376\377\000F\000l\000u\000j\000o\000\040\000d\000e\000\040\000u\000s\000o\000\040\000r\000e\000c\000o\000m\000e\000n\000d\000a\000d\000o}{appendix.Alph3}% 69
\BOOKMARK [0][-]{appendix.Alph4}{\376\377\000L\000i\000c\000e\000n\000c\000i\000a\000s}{}% 70
\BOOKMARK [1][-]{section.Alph4.1}{\376\377\000C\000\363\000d\000i\000g\000o\000\040\000f\000u\000e\000n\000t\000e}{appendix.Alph4}% 71
\BOOKMARK [1][-]{section.Alph4.2}{\376\377\000D\000e\000p\000e\000n\000d\000e\000n\000c\000i\000a\000s\000\040\000s\000o\000f\000t\000w\000a\000r\000e}{appendix.Alph4}% 72
\BOOKMARK [1][-]{section.Alph4.3}{\376\377\000R\000e\000c\000u\000r\000s\000o\000s\000\040\000g\000r\000\341\000f\000i\000c\000o\000s\000\040\000y\000\040\000f\000u\000e\000n\000t\000e\000s\000\040\000e\000x\000t\000e\000r\000n\000a\000s}{appendix.Alph4}% 73
\BOOKMARK [1][-]{section.Alph4.4}{\376\377\000S\000e\000r\000v\000i\000c\000i\000o\000s\000\040\000e\000x\000t\000e\000r\000n\000o\000s}{appendix.Alph4}% 74
\BOOKMARK [0][-]{section.Alph4.4}{\376\377\000B\000i\000b\000l\000i\000o\000g\000r\000a\000f\000\355\000a}{}% 75
