This is pdfTeX, Version 3.141592653-2.6-1.40.28 (MiKTeX 25.12) (preloaded format=pdflatex 2026.6.13)  26 JUN 2026 09:38
entering extended mode
 restricted \write18 enabled.
 %&-line parsing enabled.
**./main.tex
(main.tex
LaTeX2e <2025-11-01>
L3 programming layer <2025-12-24>
(C:\Users\Gabi\AppData\Local\Programs\MiKTeX\tex/latex/base\book.cls
Document Class: book 2025/01/22 v1.4n Standard LaTeX document class
(C:\Users\Gabi\AppData\Local\Programs\MiKTeX\tex/latex/base\bk12.clo
File: bk12.clo 2025/01/22 v1.4n Standard LaTeX file (size option)
)
\c@part=\count275
\c@chapter=\count276
\c@section=\count277
\c@subsection=\count278
\c@subsubsection=\count279
\c@paragraph=\count280
\c@subparagraph=\count281
\c@figure=\count282
\c@table=\count283
\abovecaptionskip=\skip49
\belowcaptionskip=\skip50
\bibindent=\dimen148
)
(C:\Users\Gabi\AppData\Local\Programs\MiKTeX\tex/latex/base\inputenc.sty
Package: inputenc 2024/02/08 v1.3d Input encoding file
\inpenc@prehook=\toks17
\inpenc@posthook=\toks18
)
(C:\Users\Gabi\AppData\Local\Programs\MiKTeX\tex/generic/babel\babel.sty
Package: babel 2025/12/11 v25.17 The multilingual framework for LuaLaTeX, pdfLa
TeX and XeLaTeX
\babel@savecnt=\count284
LaTeX Encoding Info:    Redeclaring text command \ij (encoding OT1) on input li
ne 2068.
LaTeX Encoding Info:    Redeclaring text command \IJ (encoding OT1) on input li
ne 2070.
LaTeX Encoding Info:    Redeclaring text command \ij (encoding T1) on input lin
e 2072.
LaTeX Encoding Info:    Redeclaring text command \IJ (encoding T1) on input lin
e 2073.
LaTeX Encoding Info:    Ignoring declaration for text command \ij (encoding ?) 
on input line 2074.
LaTeX Encoding Info:    Ignoring declaration for text command \IJ (encoding ?) 
on input line 2076.
LaTeX Encoding Info:    Ignoring declaration for text command \SS (encoding ?) 
on input line 2101.
\U@D=\dimen149
\l@unhyphenated=\language79

(C:\Users\Gabi\AppData\Local\Programs\MiKTeX\tex/generic/babel\txtbabel.def)
\bbl@readstream=\read2
\bbl@dirlevel=\count285
Package babel Info: Configuration files are deprecated, as
(babel)             they can break document portability.
(babel)             Reported on input line 4196.

*************************************
* Local config file bblopts.cfg used
*
(C:\Users\Gabi\AppData\Local\Programs\MiKTeX\tex/latex/arabi\bblopts.cfg
File: bblopts.cfg 2005/09/08 v0.1 add Arabic and Farsi to "declared" options of
 babel
)
(C:\Users\Gabi\AppData\Local\Programs\MiKTeX\tex/generic/babel/locale/gl\babel-
galician.tex)
Package babel Info: Importing font and identification data for galician
(babel)             from babel-gl.ini. Reported on input line 4320.

(C:\Users\Gabi\AppData\Local\Programs\MiKTeX\tex/latex/babel-galician\galician.
ldf
Language: galician.ldf 2008/07/06 v4.3c Galician support from the babel system
\gl@quottoks=\toks19
\gl@quotdepth=\count286
Package babel Info: Making . an active character on input line 533.
Package babel Info: Making " an active character on input line 564.
Package babel Info: Making < an active character on input line 656.
Package babel Info: Making > an active character on input line 657.
))
(C:\Users\Gabi\AppData\Local\Programs\MiKTeX\tex/latex/graphics\graphicx.sty
Package: graphicx 2024/12/31 v1.2e Enhanced LaTeX Graphics (DPC,SPQR)

(C:\Users\Gabi\AppData\Local\Programs\MiKTeX\tex/latex/graphics\keyval.sty
Package: keyval 2022/05/29 v1.15 key=value parser (DPC)
\KV@toks@=\toks20
)
(C:\Users\Gabi\AppData\Local\Programs\MiKTeX\tex/latex/graphics\graphics.sty
Package: graphics 2024/08/06 v1.4g Standard LaTeX Graphics (DPC,SPQR)

(C:\Users\Gabi\AppData\Local\Programs\MiKTeX\tex/latex/graphics\trig.sty
Package: trig 2023/12/02 v1.11 sin cos tan (DPC)
)
(C:\Users\Gabi\AppData\Local\Programs\MiKTeX\tex/latex/graphics-cfg\graphics.cf
g
File: graphics.cfg 2016/06/04 v1.11 sample graphics configuration
)
Package graphics Info: Driver file: pdftex.def on input line 106.

(C:\Users\Gabi\AppData\Local\Programs\MiKTeX\tex/latex/graphics-def\pdftex.def
File: pdftex.def 2025/09/29 v1.2d Graphics/color driver for pdftex
))
\Gin@req@height=\dimen150
\Gin@req@width=\dimen151
) (C:\Users\Gabi\AppData\Local\Programs\MiKTeX\tex/latex/graphics\epsfig.sty
Package: epsfig 2024/01/14 v1.7b (e)psfig emulation (SPQR)
\epsfxsize=\dimen152
\epsfysize=\dimen153
)
(C:\Users\Gabi\AppData\Local\Programs\MiKTeX\tex/latex/amsfonts\amssymb.sty
Package: amssymb 2013/01/14 v3.01 AMS font symbols

(C:\Users\Gabi\AppData\Local\Programs\MiKTeX\tex/latex/amsfonts\amsfonts.sty
Package: amsfonts 2013/01/14 v3.01 Basic AMSFonts support
\@emptytoks=\toks21
\symAMSa=\mathgroup4
\symAMSb=\mathgroup5
LaTeX Font Info:    Redeclaring math symbol \hbar on input line 98.
LaTeX Font Info:    Overwriting math alphabet `\mathfrak' in version `bold'
(Font)                  U/euf/m/n --> U/euf/b/n on input line 106.
))
(C:\Users\Gabi\AppData\Local\Programs\MiKTeX\tex/latex/eurosym\eurosym.sty
Package: eurosym 1998/08/06 v1.1 European currency symbol ``Euro''
\@eurobox=\box53
)
(C:\Users\Gabi\AppData\Local\Programs\MiKTeX\tex/latex/float\float.sty
Package: float 2001/11/08 v1.3d Float enhancements (AL)
\c@float@type=\count287
\float@exts=\toks22
\float@box=\box54
\@float@everytoks=\toks23
\@floatcapt=\box55
)
(C:\Users\Gabi\AppData\Local\Programs\MiKTeX\tex/latex/base\latexsym.sty
Package: latexsym 1998/08/17 v2.2e Standard LaTeX package (lasy symbols)
\symlasy=\mathgroup6
LaTeX Font Info:    Overwriting symbol font `lasy' in version `bold'
(Font)                  U/lasy/m/n --> U/lasy/b/n on input line 52.
)
(C:\Users\Gabi\AppData\Local\Programs\MiKTeX\tex/latex/ntgclass\a4.sty
Package: a4 2025/12/29 v1.2g A4 based page layout
)
(C:\Users\Gabi\AppData\Local\Programs\MiKTeX\tex/latex/listings\listings.sty
\lst@mode=\count288
\lst@gtempboxa=\box56
\lst@token=\toks24
\lst@length=\count289
\lst@currlwidth=\dimen154
\lst@column=\count290
\lst@pos=\count291
\lst@lostspace=\dimen155
\lst@width=\dimen156
\lst@newlines=\count292
\lst@lineno=\count293
\lst@maxwidth=\dimen157

(C:\Users\Gabi\AppData\Local\Programs\MiKTeX\tex/latex/listings\lstpatch.sty
File: lstpatch.sty 2025/11/14 1.11b (Carsten Heinz)
)
(C:\Users\Gabi\AppData\Local\Programs\MiKTeX\tex/latex/listings\lstmisc.sty
File: lstmisc.sty 2025/11/14 1.11b (Carsten Heinz)
\c@lstnumber=\count294
\lst@skipnumbers=\count295
\lst@framebox=\box57
)
(C:\Users\Gabi\AppData\Local\Programs\MiKTeX\tex/latex/listings\listings.cfg
File: listings.cfg 2025/11/14 1.11b listings configuration
))
Package: listings 2025/11/14 1.11b (Carsten Heinz)

==> First Aid for listings.sty no longer applied!
    Expected:
        2024/09/23 1.10c (Carsten Heinz)
    but found:
        2025/11/14 1.11b (Carsten Heinz)
    so I'm assuming it got fixed.

(C:\Users\Gabi\AppData\Local\Programs\MiKTeX\tex/latex/l3backend\l3backend-pdft
ex.def
File: l3backend-pdftex.def 2025-10-09 L3 backend support: PDF output (pdfTeX)
\l__color_backend_stack_int=\count296
) (main.aux (capitulos/titulo.aux)
Package babel Info: 'galician' activates 'galician' shorthands.
(babel)             Reported on input line 11.
 (capitulos/certificacion.aux)
(capitulos/agradecementos.aux) (capitulos/resumo.aux)
(capitulos/introducion.aux) (capitulos/maquinaEnigma.aux) (capitulos/cap2.aux)
(capitulos/cap3.aux) (capitulos/cap4.aux) (capitulos/conclusions.aux)
(capitulos/apendicea.aux) (capitulos/apendiceb.aux) (capitulos/licenza.aux)
(capitulos/bibliografia.aux))
\openout1 = `main.aux'.

LaTeX Font Info:    Checking defaults for OML/cmm/m/it on input line 41.
LaTeX Font Info:    ... okay on input line 41.
LaTeX Font Info:    Checking defaults for OMS/cmsy/m/n on input line 41.
LaTeX Font Info:    ... okay on input line 41.
LaTeX Font Info:    Checking defaults for OT1/cmr/m/n on input line 41.
LaTeX Font Info:    ... okay on input line 41.
LaTeX Font Info:    Checking defaults for T1/cmr/m/n on input line 41.
LaTeX Font Info:    ... okay on input line 41.
LaTeX Font Info:    Checking defaults for TS1/cmr/m/n on input line 41.
LaTeX Font Info:    ... okay on input line 41.
LaTeX Font Info:    Checking defaults for OMX/cmex/m/n on input line 41.
LaTeX Font Info:    ... okay on input line 41.
LaTeX Font Info:    Checking defaults for U/cmr/m/n on input line 41.
LaTeX Font Info:    ... okay on input line 41.
LaTeX Encoding Info:    Redeclaring text command \guillemotleft (encoding OT1) 
on input line 41.
LaTeX Encoding Info:    Redeclaring text command \guillemotright (encoding OT1)
 on input line 41.

(C:\Users\Gabi\AppData\Local\Programs\MiKTeX\tex/context/base/mkii\supp-pdf.mki
i
[Loading MPS to PDF converter (version 2006.09.02).]
\scratchcounter=\count297
\scratchdimen=\dimen158
\scratchbox=\box58
\nofMPsegments=\count298
\nofMParguments=\count299
\everyMPshowfont=\toks25
\MPscratchCnt=\count300
\MPscratchDim=\dimen159
\MPnumerator=\count301
\makeMPintoPDFobject=\count302
\everyMPtoPDFconversion=\toks26
)
(C:\Users\Gabi\AppData\Local\Programs\MiKTeX\tex/latex/epstopdf-pkg\epstopdf-ba
se.sty
Package: epstopdf-base 2020-01-24 v2.11 Base part for package epstopdf
Package epstopdf-base Info: Redefining graphics rule for `.eps' on input line 4
85.

(C:\Users\Gabi\AppData\Local\Programs\MiKTeX\tex/latex/00miktex\epstopdf-sys.cf
g
File: epstopdf-sys.cfg 2021/03/18 v2.0 Configuration of epstopdf for MiKTeX
))
\c@lstlisting=\count303
\openout2 = `capitulos/titulo.aux'.

 (capitulos/titulo.tex
LaTeX Font Info:    Trying to load font information for U+msa on input line 6.

(C:\Users\Gabi\AppData\Local\Programs\MiKTeX\tex/latex/amsfonts\umsa.fd
File: umsa.fd 2013/01/14 v3.01 AMS symbols A
)
LaTeX Font Info:    Trying to load font information for U+msb on input line 6.

(C:\Users\Gabi\AppData\Local\Programs\MiKTeX\tex/latex/amsfonts\umsb.fd
File: umsb.fd 2013/01/14 v3.01 AMS symbols B
)
LaTeX Font Info:    Trying to load font information for U+lasy on input line 6.


(C:\Users\Gabi\AppData\Local\Programs\MiKTeX\tex/latex/base\ulasy.fd
File: ulasy.fd 1998/08/17 v2.2e LaTeX symbol font definitions
)) [1


{C:/Users/Gabi/AppData/Local/MiKTeX/fonts/map/pdftex/pdftex.map}] [2



]
\openout2 = `capitulos/certificacion.aux'.


(capitulos/certificacion.tex)

LaTeX Font Warning: Font shape `OT1/cmr/m/n' in size <13.13947> not available
(Font)              size <12> substituted on input line 44.


LaTeX Font Warning: Font shape `OT1/cmr/m/sc' in size <13.13947> not available
(Font)              size <12> substituted on input line 44.

[1

] [2



]
\openout2 = `capitulos/agradecementos.aux'.

 (capitulos/agradecementos.tex) [3


] [4



]
\openout2 = `capitulos/resumo.aux'.

 (capitulos/resumo.tex) [5


]
[6



] (main.toc [7

])
\tf@toc=\write3
\openout3 = `main.toc'.

 [8] (main.lof)
\tf@lof=\write4
\openout4 = `main.lof'.

 [9

] [10

] (main.lot)
\tf@lot=\write5
\openout5 = `main.lot'.

 [11] [12

]
\openout2 = `capitulos/introducion.aux'.


(capitulos/introducion.tex
Cap\'{\i }tulo 1.
[1


]
Underfull \vbox (badness 1024) has occurred while \output is active []

Package babel Info: 'galician' activates 'galician' shorthands.
(babel)             Reported on input line 72.
 [2])
[3] [4]
\openout2 = `capitulos/maquinaEnigma.aux'.

 (capitulos/maquinaEnigma.tex
Cap\'{\i }tulo 2.
[5





] [6]
Overfull \hbox (2.17499pt too wide) in paragraph at lines 40--41
[]\OT1/cmr/m/n/12 Una vez en-ten-di-do lo an-te-rior, po-de-mos pa-sar a res-po
n-der la pre-gun-ta "?`Qu^^Se es
 []


Underfull \vbox (badness 10000) has occurred while \output is active []

 [7]
[8] [9]
Underfull \vbox (badness 6675) has occurred while \output is active []

 [10]
[11]) [12]
\openout2 = `capitulos/cap2.aux'.

 (capitulos/cap2.tex
Cap\'{\i }tulo 3.
[13





] [14] [15] [16] [17]
LaTeX Font Info:    Trying to load font information for OML+cmtt on input line 
136.
LaTeX Font Info:    No file OMLcmtt.fd. on input line 136.


LaTeX Font Warning: Font shape `OML/cmtt/m/n' undefined
(Font)              using `OML/cmm/m/it' instead
(Font)              for symbol `textless' on input line 136.

) [18]
\openout2 = `capitulos/cap3.aux'.

 (capitulos/cap3.tex
Cap\'{\i }tulo 4.
[19





] [20]
Underfull \vbox (badness 4832) has occurred while \output is active []

 [21]
<figuras/diagrama_casosUso_modelo.png, id=121, 441.65pt x 825.0825pt>
File: figuras/diagrama_casosUso_modelo.png Graphic file (type png)
<use figuras/diagrama_casosUso_modelo.png>
Package pdftex.def Info: figuras/diagrama_casosUso_modelo.png  used on input li
ne 61.
(pdftex.def)             Requested size: 121.84161pt x 227.62204pt.
<figuras/diagrama_casosUso_autenticacion.png, id=122, 605.26125pt x 514.92375pt
>
File: figuras/diagrama_casosUso_autenticacion.png Graphic file (type png)
<use figuras/diagrama_casosUso_autenticacion.png>
Package pdftex.def Info: figuras/diagrama_casosUso_autenticacion.png  used on i
nput line 76.
(pdftex.def)             Requested size: 267.55331pt x 227.62204pt.

[22] [23 <./figuras/diagrama_casosUso_modelo.png>]
<figuras/diagrama_casosUso_educativo.png, id=131, 430.60875pt x 713.66624pt>
File: figuras/diagrama_casosUso_educativo.png Graphic file (type png)
<use figuras/diagrama_casosUso_educativo.png>
Package pdftex.def Info: figuras/diagrama_casosUso_educativo.png  used on input
 line 96.
(pdftex.def)             Requested size: 137.33766pt x 227.62204pt.
 [24 <./figuras/diagrama_casosUso_autenticacion.png>]
<figuras/diagrama_casosUso_accesibilidad.png, id=136, 369.38pt x 620.3175pt>
File: figuras/diagrama_casosUso_accesibilidad.png Graphic file (type png)
<use figuras/diagrama_casosUso_accesibilidad.png>
Package pdftex.def Info: figuras/diagrama_casosUso_accesibilidad.png  used on i
nput line 112.
(pdftex.def)             Requested size: 135.5412pt x 227.62204pt.
 [25 <./figuras/diagrama_casosUso_educativo.png>]
Underfull \vbox (badness 3333) has occurred while \output is active []

 [26 <./figuras/diagrama_casosUso_accesibilidad.png>]
<figuras/diagrama_clases_controlador.png, id=145, 1336.995pt x 337.26pt>
File: figuras/diagrama_clases_controlador.png Graphic file (type png)
<use figuras/diagrama_clases_controlador.png>
Package pdftex.def Info: figuras/diagrama_clases_controlador.png  used on input
 line 140.
(pdftex.def)             Requested size: 398.33858pt x 100.4789pt.
 [27 <./figuras/diagrama_clases_controlador.png>]
<figuras/diagrama_clases_servicio.png, id=150, 1336.995pt x 681.54625pt>
File: figuras/diagrama_clases_servicio.png Graphic file (type png)
<use figuras/diagrama_clases_servicio.png>
Package pdftex.def Info: figuras/diagrama_clases_servicio.png  used on input li
ne 160.
(pdftex.def)             Requested size: 398.33858pt x 203.05112pt.
 [28 <./figuras/diagrama_clases_servicio.png>]
<figuras/diagrama_clases_dtoRepo.png, id=155, 2285.53876pt x 1412.27625pt>
File: figuras/diagrama_clases_dtoRepo.png Graphic file (type png)
<use figuras/diagrama_clases_dtoRepo.png>
Package pdftex.def Info: figuras/diagrama_clases_dtoRepo.png  used on input lin
e 178.
(pdftex.def)             Requested size: 644.65456pt x 398.33858pt.
 [29] [30 <./figuras/diagrama_clases_dtoRepo.png>]
<figuras/diagrama_clases_modelo.png, id=164, 3163.82pt x 1700.3525pt>
File: figuras/diagrama_clases_modelo.png Graphic file (type png)
<use figuras/diagrama_clases_modelo.png>
Package pdftex.def Info: figuras/diagrama_clases_modelo.png  used on input line
 196.
(pdftex.def)             Requested size: 741.18057pt x 398.33858pt.
<figuras/diagrama_clases_v1.png, id=165, 3361.55875pt x 1865.97125pt>
File: figuras/diagrama_clases_v1.png Graphic file (type png)
<use figuras/diagrama_clases_v1.png>
Package pdftex.def Info: figuras/diagrama_clases_v1.png  used on input line 214
.
(pdftex.def)             Requested size: 717.59174pt x 398.33858pt.
 [31] [32 <./figuras/diagrama_clases_modelo.png>]
[33 <./figuras/diagrama_clases_v1.png>] [34]
<figuras/pagina_principal.png, id=180, 1445.4pt x 2028.57875pt>
File: figuras/pagina_principal.png Graphic file (type png)
<use figuras/pagina_principal.png>
Package pdftex.def Info: figuras/pagina_principal.png  used on input line 250.
(pdftex.def)             Requested size: 283.80373pt x 398.33858pt.
 [35 <./figuras/pagina_principal.png>]
Underfull \vbox (badness 3168) has occurred while \output is active []

 [36]
<figuras/funcionamiento.png, id=190, 1445.4pt x 5796.65625pt>
File: figuras/funcionamiento.png Graphic file (type png)
<use figuras/funcionamiento.png>
Package pdftex.def Info: figuras/funcionamiento.png  used on input line 274.
(pdftex.def)             Requested size: 99.31366pt x 398.33858pt.

[37 <./figuras/funcionamiento.png>]
<figuras/historia.png, id=195, 1445.4pt x 2614.76875pt>
File: figuras/historia.png Graphic file (type png)
<use figuras/historia.png>
Package pdftex.def Info: figuras/historia.png  used on input line 297.
(pdftex.def)             Requested size: 220.17506pt x 398.33858pt.
 [38] [39 <./figuras/historia.png>]
<figuras/libro.png, id=203, 1445.4pt x 1287.81125pt>
File: figuras/libro.png Graphic file (type png)
<use figuras/libro.png>
Package pdftex.def Info: figuras/libro.png  used on input line 335.
(pdftex.def)             Requested size: 447.0769pt x 398.33858pt.
 [40]
[41 <./figuras/libro.png>]
<figuras/problemas.png, id=212, 1445.4pt x 1287.81125pt>
File: figuras/problemas.png Graphic file (type png)
<use figuras/problemas.png>
Package pdftex.def Info: figuras/problemas.png  used on input line 364.
(pdftex.def)             Requested size: 447.0769pt x 398.33858pt.
 [42] [43 <./figuras/problemas.png>]) [44]
\openout2 = `capitulos/cap4.aux'.


(capitulos/cap4.tex
Cap\'{\i }tulo 5.

Underfull \hbox (badness 1895) in paragraph at lines 19--20
[]\OT1/cmr/bx/n/12 Resultado es-
 []


Underfull \hbox (badness 10000) in paragraph at lines 21--22
[]\OT1/cmr/m/n/12 C^^Sodi-go 201 y
 []


Underfull \hbox (badness 10000) in paragraph at lines 21--22
\OT1/cmr/m/n/12 con-fi-gu-ra-ci^^Son
 []


Underfull \hbox (badness 10000) in paragraph at lines 21--22
\OT1/cmr/m/n/12 ini-cial de la
 []

LaTeX Font Info:    Trying to load font information for OMS+cmtt on input line 
23.
LaTeX Font Info:    No file OMScmtt.fd. on input line 23.

LaTeX Font Warning: Font shape `OMS/cmtt/m/n' undefined
(Font)              using `OMS/cmsy/m/n' instead
(Font)              for symbol `textbraceleft' on input line 23.


Underfull \hbox (badness 10000) in paragraph at lines 23--24
[]\OT1/cmr/m/n/12 C^^Sodi-go 200 o
 []


Underfull \hbox (badness 2401) in paragraph at lines 23--24
\OT1/cmr/m/n/12 404, res-pec-ti-va-
 []


Underfull \hbox (badness 10000) in paragraph at lines 25--26
[]\OT1/cmr/m/n/12 C^^Sodi-go 204 o
 []


Underfull \hbox (badness 2401) in paragraph at lines 25--26
\OT1/cmr/m/n/12 404, res-pec-ti-va-
 []


Underfull \hbox (badness 10000) in paragraph at lines 27--28
[]\OT1/cmr/m/n/12 C^^Sodi-go 200 y
 []


Underfull \hbox (badness 10000) in paragraph at lines 27--28
\OT1/cmr/m/n/12 con-fi-gu-ra-ci^^Son
 []


Underfull \hbox (badness 10000) in paragraph at lines 31--31
[]\OT1/cmtt/m/n/12 POST
 []


Underfull \hbox (badness 2573) in paragraph at lines 31--31
[]\OT1/cmr/m/n/12 Cifrar una le-tra en una
 []


Underfull \hbox (badness 8189) in paragraph at lines 31--32
\OT1/cmr/m/n/12 le-tra, pa-sos y
 []


Underfull \hbox (badness 10000) in paragraph at lines 33--33
[]\OT1/cmtt/m/n/12 POST
 []


Underfull \hbox (badness 8189) in paragraph at lines 33--34
\OT1/cmr/m/n/12 le-tra, pa-sos y
 []


Underfull \hbox (badness 10000) in paragraph at lines 35--35
[]\OT1/cmtt/m/n/12 POST
 []


Underfull \hbox (badness 10000) in paragraph at lines 35--36
[]\OT1/cmr/m/n/12 C^^Sodi-go 200 o
 []


Underfull \hbox (badness 2401) in paragraph at lines 35--36
\OT1/cmr/m/n/12 404, res-pec-ti-va-
 []


Underfull \hbox (badness 10000) in paragraph at lines 37--37
[]\OT1/cmtt/m/n/12 DELETE
 []


Underfull \hbox (badness 10000) in paragraph at lines 37--38
[]\OT1/cmr/m/n/12 C^^Sodi-go 200 o
 []


Underfull \hbox (badness 2401) in paragraph at lines 37--38
\OT1/cmr/m/n/12 404, res-pec-ti-va-
 []


Underfull \hbox (badness 1895) in paragraph at lines 54--55
[]\OT1/cmr/bx/n/12 Resultado es-
 []


Underfull \hbox (badness 10000) in paragraph at lines 56--57
[]\OT1/cmr/m/n/12 C^^Sodi-go 200 y
 []

[45





] [46]
Overfull \hbox (22.27676pt too wide) in paragraph at lines 94--110
 []|  [] 
 []

) [47] [48]
\openout2 = `capitulos/conclusions.aux'.

 (capitulos/conclusions.tex
Cap\'{\i }tulo 6.
[49





] [50]) [51] [52



]
\openout2 = `capitulos/apendicea.aux'.

 (capitulos/apendicea.tex
Ap\'endice A.
) [53


] [54



]
\openout2 = `capitulos/apendiceb.aux'.

 (capitulos/apendiceb.tex
Ap\'endice B.
) [55


] [56



]
\openout2 = `capitulos/licenza.aux'.

 (capitulos/licenza.tex
Ap\'endice C.
) [57


] [58



]
\openout2 = `capitulos/bibliografia.aux'.

 (capitulos/bibliografia.tex
Underfull \hbox (badness 1590) in paragraph at lines 7--8
[]\OT1/cmr/m/n/12 Nvidia CU-DA pro-gram-ming gui-de. Ver-si^^Son 2.0, 2010. Dis
-po~nible en
 []


Underfull \hbox (badness 10000) in paragraph at lines 10--11
[]\OT1/cmr/m/n/12 Acceso m^^Sulti-ple por di-vi-si^^Son de c^^Sodi-go. Ar-ti-go
 da wi-ki-pe-dia
 []

) [59


] (main.aux (capitulos/titulo.aux) (capitulos/certificacion.aux)
(capitulos/agradecementos.aux) (capitulos/resumo.aux)
(capitulos/introducion.aux) (capitulos/maquinaEnigma.aux) (capitulos/cap2.aux)
(capitulos/cap3.aux) (capitulos/cap4.aux) (capitulos/conclusions.aux)
(capitulos/apendicea.aux) (capitulos/apendiceb.aux) (capitulos/licenza.aux)
(capitulos/bibliografia.aux))
 ***********
LaTeX2e <2025-11-01>
L3 programming layer <2025-12-24>
 ***********


LaTeX Font Warning: Size substitutions with differences
(Font)              up to 1.13947pt have occurred.


LaTeX Font Warning: Some font shapes were not available, defaults substituted.

 ) 
Here is how much of TeX's memory you used:
 5410 strings out of 467871
 96501 string characters out of 5418860
 504612 words of memory out of 5000000
 34135 multiletter control sequences out of 15000+600000
 636968 words of font info for 75 fonts, out of 8000000 for 9000
 1141 hyphenation exceptions out of 8191
 57i,11n,65p,1488b,409s stack positions out of 10000i,1000n,20000p,200000b,200000s
 <C:\Users\Gabi\AppData\Local\MiKTeX\fonts/pk/ljfour/jknappen/ec/dpi600\tcrm1
200.pk><C:/Users/Gabi/AppData/Local/Programs/MiKTeX/fonts/type1/public/amsfonts
/cm/cmbx12.pfb><C:/Users/Gabi/AppData/Local/Programs/MiKTeX/fonts/type1/public/
amsfonts/cm/cmcsc10.pfb><C:/Users/Gabi/AppData/Local/Programs/MiKTeX/fonts/type
1/public/amsfonts/cm/cmmi12.pfb><C:/Users/Gabi/AppData/Local/Programs/MiKTeX/fo
nts/type1/public/amsfonts/cm/cmr12.pfb><C:/Users/Gabi/AppData/Local/Programs/Mi
KTeX/fonts/type1/public/amsfonts/cm/cmr8.pfb><C:/Users/Gabi/AppData/Local/Progr
ams/MiKTeX/fonts/type1/public/amsfonts/cm/cmsl12.pfb><C:/Users/Gabi/AppData/Loc
al/Programs/MiKTeX/fonts/type1/public/amsfonts/cm/cmsy10.pfb><C:/Users/Gabi/App
Data/Local/Programs/MiKTeX/fonts/type1/public/amsfonts/cm/cmti12.pfb><C:/Users/
Gabi/AppData/Local/Programs/MiKTeX/fonts/type1/public/amsfonts/cm/cmtt12.pfb>
Output written on main.pdf (73 pages, 9035757 bytes).
PDF statistics:
 318 PDF objects out of 1000 (max. 8388607)
 0 named destinations out of 1000 (max. 500000)
 71 words of extra memory for PDF output out of 10000 (max. 10000000)

